<?xml version="1.0" encoding="UTF-8"?>
<!-- Generated by org.testng.reporters.JUnitXMLReporter -->
<testsuite ignored="0" hostname="LWO1-LDL-A26312" failures="0" tests="5" name="Surefire test" time="7.287" errors="0" timestamp="2024-11-22T11:17:30 EET">
  <testcase classname="addToCartTest" name="verifyAddingAllItemsToCart" time="0.339"/>
  <testcase classname="addToCartTest" name="verifyRemovingAllItemsFromCart" time="0.242"/>
  <testcase classname="loginTest" name="verifyPageTitle" time="0.091"/>
  <testcase classname="loginTest" name="verifyLoginErrorMessages" time="0.903"/>
  <testcase classname="loginTest" name="verifySuccessfulLogin" time="0.486"/>
</testsuite> <!-- Surefire test -->
