<?xml version="1.0" encoding="UTF-8"?>
<testng-results ignored="0" total="5" passed="5" failed="0" skipped="0">
  <reporter-output>
  </reporter-output>
  <suite started-at="2024-11-22T11:17:22 EET" name="Surefire suite" finished-at="2024-11-22T11:17:30 EET" duration-ms="7287">
    <groups>
    </groups>
    <test started-at="2024-11-22T11:17:22 EET" name="Surefire test" finished-at="2024-11-22T11:17:30 EET" duration-ms="7287">
      <class name="addToCartTest">
        <test-method is-config="true" signature="setup()[pri:0, instance:addToCartTest@7357a011]" started-at="2024-11-22T11:17:22 EET" name="setup" finished-at="2024-11-22T11:17:25 EET" duration-ms="2720" status="PASS">
          <reporter-output>
          </reporter-output>
        </test-method> <!-- setup -->
        <test-method signature="verifyAddingAllItemsToCart()[pri:0, instance:addToCartTest@7357a011]" started-at="2024-11-22T11:17:25 EET" name="verifyAddingAllItemsToCart" finished-at="2024-11-22T11:17:26 EET" duration-ms="339" status="PASS">
          <reporter-output>
          </reporter-output>
        </test-method> <!-- verifyAddingAllItemsToCart -->
        <test-method signature="verifyRemovingAllItemsFromCart()[pri:0, instance:addToCartTest@7357a011]" started-at="2024-11-22T11:17:26 EET" name="verifyRemovingAllItemsFromCart" finished-at="2024-11-22T11:17:26 EET" duration-ms="242" status="PASS">
          <reporter-output>
          </reporter-output>
        </test-method> <!-- verifyRemovingAllItemsFromCart -->
        <test-method is-config="true" signature="tearDown()[pri:0, instance:addToCartTest@7357a011]" started-at="2024-11-22T11:17:26 EET" name="tearDown" finished-at="2024-11-22T11:17:26 EET" duration-ms="365" status="PASS">
          <reporter-output>
          </reporter-output>
        </test-method> <!-- tearDown -->
      </class> <!-- addToCartTest -->
      <class name="loginTest">
        <test-method is-config="true" signature="setup()[pri:0, instance:loginTest@40317ba2]" started-at="2024-11-22T11:17:26 EET" name="setup" finished-at="2024-11-22T11:17:28 EET" duration-ms="1790" status="PASS">
          <reporter-output>
          </reporter-output>
        </test-method> <!-- setup -->
        <test-method signature="verifyPageTitle()[pri:1, instance:loginTest@40317ba2]" started-at="2024-11-22T11:17:28 EET" name="verifyPageTitle" finished-at="2024-11-22T11:17:28 EET" duration-ms="91" status="PASS">
          <reporter-output>
          </reporter-output>
        </test-method> <!-- verifyPageTitle -->
        <test-method signature="verifyLoginErrorMessages()[pri:2, instance:loginTest@40317ba2]" started-at="2024-11-22T11:17:28 EET" name="verifyLoginErrorMessages" finished-at="2024-11-22T11:17:29 EET" duration-ms="903" status="PASS">
          <reporter-output>
          </reporter-output>
        </test-method> <!-- verifyLoginErrorMessages -->
        <test-method signature="verifySuccessfulLogin()[pri:3, instance:loginTest@40317ba2]" started-at="2024-11-22T11:17:29 EET" name="verifySuccessfulLogin" finished-at="2024-11-22T11:17:29 EET" duration-ms="486" status="PASS">
          <reporter-output>
          </reporter-output>
        </test-method> <!-- verifySuccessfulLogin -->
        <test-method is-config="true" signature="tearDown()[pri:0, instance:loginTest@40317ba2]" started-at="2024-11-22T11:17:29 EET" name="tearDown" finished-at="2024-11-22T11:17:30 EET" duration-ms="244" status="PASS">
          <reporter-output>
          </reporter-output>
        </test-method> <!-- tearDown -->
      </class> <!-- loginTest -->
    </test> <!-- Surefire test -->
  </suite> <!-- Surefire suite -->
</testng-results>
